[2017-04-17 23:48:28] AnubisBot.INFO: Loading application .env file [] []
[2017-04-17 23:48:28] AnubisBot.INFO: Registering DiscordPHP bot [] []
[2017-04-17 23:48:28] AnubisBot.INFO: Registering commands [] []
[2017-04-17 23:48:28] AnubisBot.INFO: Registering command cow [] []
[2017-04-17 23:48:28] AnubisBot.INFO: Registering sub command cow -> say [] []
[2017-04-17 23:48:28] AnubisBot.INFO: Registering sub command cow -> think [] []
[2017-04-17 23:48:28] AnubisBot.INFO: Registering command about [] []
[2017-04-17 23:48:28] AnubisBot.INFO: Registering sub command about -> all [] []
[2017-04-17 23:48:28] AnubisBot.INFO: Registering sub command about -> source [] []
[2017-04-17 23:48:28] AnubisBot.INFO: Registering sub command about -> uptime [] []
[2017-04-17 23:48:28] AnubisBot.INFO: Registering sub command about -> invite [] []
[2017-04-17 23:48:28] AnubisBot.INFO: Registering command msg [] []
[2017-04-17 23:48:28] AnubisBot.INFO: Registering sub command msg -> prune [] []
[2017-04-17 23:48:28] AnubisBot.INFO: Registering sub command msg -> pruneuser [] []
[2017-04-17 23:48:28] AnubisBot.INFO: Registering sub command msg -> prunebot [] []
[2017-04-17 23:48:28] AnubisBot.INFO: Registering command power [] []
[2017-04-17 23:48:28] AnubisBot.INFO: Registering sub command power -> shutdown [] []
[2017-04-17 23:48:28] AnubisBot.INFO: Registering command roles [] []
[2017-04-17 23:48:28] AnubisBot.INFO: Registering sub command roles -> restrict [] []
[2017-04-17 23:48:28] AnubisBot.INFO: Registering command info [] []
[2017-04-17 23:48:28] AnubisBot.INFO: Registering sub command info -> me [] []
[2017-04-17 23:48:28] AnubisBot.INFO: Registering sub command info -> getid [] []
[2017-04-17 23:48:28] AnubisBot.INFO: Registering sub command info -> steam [] []
[2017-04-17 23:48:28] AnubisBot.INFO: Registering command aliases [] []
[2017-04-17 23:48:28] AnubisBot.INFO: Registering alias prune [] []
[2017-04-17 23:48:28] AnubisBot.INFO: Registering sub command prune -> user [] []
[2017-04-17 23:48:28] AnubisBot.INFO: Registering sub command prune -> bot [] []
[2017-04-17 23:48:28] AnubisBot.INFO: Setting bot's presence [] []
[2017-04-17 23:48:28] AnubisBot.INFO: Making sure bot tells the world it's online [] []
