[2017-04-17 23:52:34] AnubisBot.INFO: Loading application .env file [] []
[2017-04-17 23:52:34] AnubisBot.INFO: Registering DiscordPHP bot [] []
[2017-04-17 23:52:34] AnubisBot.INFO: Registering commands [] []
[2017-04-17 23:52:34] AnubisBot.INFO: Registering command cow [] []
[2017-04-17 23:52:34] AnubisBot.INFO: Registering sub command cow -> say [] []
[2017-04-17 23:52:34] AnubisBot.INFO: Registering sub command cow -> think [] []
[2017-04-17 23:52:34] AnubisBot.INFO: Registering command about [] []
[2017-04-17 23:52:34] AnubisBot.INFO: Registering sub command about -> all [] []
[2017-04-17 23:52:34] AnubisBot.INFO: Registering sub command about -> source [] []
[2017-04-17 23:52:34] AnubisBot.INFO: Registering sub command about -> uptime [] []
[2017-04-17 23:52:34] AnubisBot.INFO: Registering sub command about -> invite [] []
[2017-04-17 23:52:34] AnubisBot.INFO: Registering command msg [] []
[2017-04-17 23:52:34] AnubisBot.INFO: Registering sub command msg -> prune [] []
[2017-04-17 23:52:34] AnubisBot.INFO: Registering sub command msg -> pruneuser [] []
[2017-04-17 23:52:34] AnubisBot.INFO: Registering sub command msg -> prunebot [] []
[2017-04-17 23:52:34] AnubisBot.INFO: Registering command power [] []
[2017-04-17 23:52:34] AnubisBot.INFO: Registering sub command power -> shutdown [] []
[2017-04-17 23:52:34] AnubisBot.INFO: Registering command roles [] []
[2017-04-17 23:52:34] AnubisBot.INFO: Registering sub command roles -> restrict [] []
[2017-04-17 23:52:34] AnubisBot.INFO: Registering command info [] []
[2017-04-17 23:52:34] AnubisBot.INFO: Registering sub command info -> me [] []
[2017-04-17 23:52:34] AnubisBot.INFO: Registering sub command info -> getid [] []
[2017-04-17 23:52:34] AnubisBot.INFO: Registering sub command info -> steam [] []
[2017-04-17 23:52:34] AnubisBot.INFO: Registering command aliases [] []
[2017-04-17 23:52:34] AnubisBot.INFO: Registering alias prune [] []
[2017-04-17 23:52:34] AnubisBot.INFO: Registering sub command prune -> user [] []
[2017-04-17 23:52:34] AnubisBot.INFO: Registering sub command prune -> bot [] []
[2017-04-17 23:52:34] AnubisBot.INFO: Setting bot's presence [] []
[2017-04-17 23:52:34] AnubisBot.INFO: Making sure bot tells the world it's online [] []
[2017-04-17 23:52:34] AnubisBot.INFO: Starting DiscordPHP Loop [] []
[2017-04-17 23:52:34] AnubisBot.INFO: Registering DiscordPHP's READY event [] []
[2017-04-17 23:52:34] AnubisBot.INFO: Registering DiscordPHP CLOSED event [] []
[2017-04-17 23:52:34] AnubisBot.INFO: Executing DiscordPHP [] []
[2017-04-17 23:52:35] AnubisBot.INFO: gateway retrieved and set {"gateway":"wss://gateway.discord.gg/?v=6&encoding=json"} []
[2017-04-17 23:52:35] AnubisBot.INFO: starting connection to websocket {"gateway":"wss://gateway.discord.gg/?v=6&encoding=json"} []
[2017-04-17 23:52:35] AnubisBot.INFO: websocket connection has been created [] []
[2017-04-17 23:52:35] AnubisBot.INFO: received hello [] []
[2017-04-17 23:52:35] AnubisBot.INFO: identifying {"payload":{"op":2,"d":{"token":"MzAxNDM5NzkzNzUxOTE2NTQ0.C9NQ6Q.sPZFw0kzWQttedQ2Wig3Xp9o5sQ","properties":{"$os":"WINNT","$browser":"DiscordPHP/v4.0.3 DiscordBot (https://github.com/teamreflex/DiscordPHP, v4.0.3)","$device":"DiscordPHP/v4.0.3 DiscordBot (https://github.com/teamreflex/DiscordPHP, v4.0.3)","$referrer":"https://github.com/teamreflex/DiscordPHP","$referring_domain":"https://github.com/teamreflex/DiscordPHP"},"compress":true}}} []
[2017-04-17 23:52:35] AnubisBot.INFO: heartbeat timer initilized {"interval":41250} []
[2017-04-17 23:52:35] AnubisBot.INFO: did not parse private channels [] []
[2017-04-17 23:52:35] AnubisBot.INFO: stored guilds {"count":0} []
[2017-04-17 23:52:36] AnubisBot.INFO: all guilds are now available {"count":1} []
[2017-04-17 23:52:36] AnubisBot.INFO: loadAllMembers option is disabled, not setting chunking up [] []
[2017-04-17 23:52:36] AnubisBot.INFO: client is ready [] []
[2017-04-17 23:52:36] AnubisBot.INFO: Bot is now online [] []
[2017-04-17 23:52:36] AnubisBot.INFO: Bot ID: 301439793751916544 [] []
[2017-04-17 23:52:36] AnubisBot.INFO: Bot name: testbot-anubis [] []
